<?xml version="1.0" encoding="UTF-8"?>
<!-- Generated by org.testng.reporters.JUnitXMLReporter -->
<testsuite ignored="0" hostname="LAPTOP-QRKU0A7H" failures="0" tests="4" name="Default test" time="3.648" errors="0" timestamp="2024-03-18T08:33:40 IST">
  <testcase classname="apiTesting.HttpRequests" name="getUsers" time="2.111"/>
  <testcase classname="apiTesting.HttpRequests" name="createUser" time="0.517"/>
  <testcase classname="apiTesting.HttpRequests" name="updateUser" time="0.484"/>
  <testcase classname="apiTesting.HttpRequests" name="deleteUser" time="0.493"/>
</testsuite> <!-- Default test -->
