<?xml version="1.0" encoding="UTF-8"?>
<testsuite xmlns:xsi="http://www.w3.org/2001/XMLSchema-instance" xsi:noNamespaceSchemaLocation="https://maven.apache.org/surefire/maven-surefire-plugin/xsd/surefire-test-report-3.0.xsd" version="3.0" name="com.qa.test.GetAPITest" time="1.329" tests="1" errors="0" skipped="0" failures="0">
  <properties>
[...]
</properties>
  <testcase name="getAPITest" classname="com.qa.test.GetAPITest" time="0.75">
    <system-out><![CDATA[statusCode----------->200
responseJson---------------->{"per_page":6,"total":12,"data":[{"last_name":"Bluth","id":1,"avatar":"https://reqres.in/img/faces/1-image.jpg","first_name":"George","email":"george.bluth@reqres.in"},{"last_name":"Weaver","id":2,"avatar":"https://reqres.in/img/faces/2-image.jpg","first_name":"Janet","email":"janet.weaver@reqres.in"},{"last_name":"Wong","id":3,"avatar":"https://reqres.in/img/faces/3-image.jpg","first_name":"Emma","email":"emma.wong@reqres.in"},{"last_name":"Holt","id":4,"avatar":"https://reqres.in/img/faces/4-image.jpg","first_name":"Eve","email":"eve.holt@reqres.in"},{"last_name":"Morris","id":5,"avatar":"https://reqres.in/img/faces/5-image.jpg","first_name":"Charles","email":"charles.morris@reqres.in"},{"last_name":"Ramos","id":6,"avatar":"https://reqres.in/img/faces/6-image.jpg","first_name":"Tracey","email":"tracey.ramos@reqres.in"}],"page":1,"total_pages":2,"support":{"text":"To keep ReqRes free, contributions towards server costs are appreciated!","url":"https://reqres.in/#support-heading"}}
Headers array---------->{Transfer-Encoding=chunked, Server=cloudflare, CF-RAY=866ed6c55ec247d7-BOM, Access-Control-Allow-Origin=*, Connection=keep-alive, Reporting-Endpoints=heroku-nel=https://nel.heroku.com/reports?ts=1710763629&sid=c4c9725f-1ab0-44d8-820f-430df2718e11&s=eQvnFCtD%2FtNns%2B%2Fa%2Fik9Mf9otwPvjHyVCOUUxkGDoqQ%3D, Date=Tue, 19 Mar 2024 16:29:01 GMT, Via=1.1 vegur, CF-Cache-Status=HIT, Nel={"report_to":"heroku-nel","max_age":3600,"success_fraction":0.005,"failure_fraction":0.05,"response_headers":["Via"]}, Etag=W/"3e4-2RLXvr5wTg9YQ6aH95CkYoFNuO8", Cache-Control=max-age=14400, Report-To={"group":"heroku-nel","max_age":3600,"endpoints":[{"url":"https://nel.heroku.com/reports?ts=1710763629&sid=c4c9725f-1ab0-44d8-820f-430df2718e11&s=eQvnFCtD%2FtNns%2B%2Fa%2Fik9Mf9otwPvjHyVCOUUxkGDoqQ%3D"}]}, Vary=Accept-Encoding, Age=909, Content-Type=application/json; charset=utf-8, X-Powered-By=Express}
]]></system-out>
  </testcase>
</testsuite>