<?xml version="1.0" encoding="UTF-8"?>
<testng-results ignored="0" total="1" passed="1" failed="0" skipped="0">
  <reporter-output>
  </reporter-output>
  <suite started-at="2024-03-19T21:59:03 IST" name="Surefire suite" finished-at="2024-03-19T21:59:04 IST" duration-ms="797">
    <groups>
    </groups>
    <test started-at="2024-03-19T21:59:03 IST" name="Surefire test" finished-at="2024-03-19T21:59:04 IST" duration-ms="797">
      <class name="com.qa.test.GetAPITest">
        <test-method is-config="true" signature="setup()[pri:0, instance:com.qa.test.GetAPITest@6c6cb480]" started-at="2024-03-19T21:59:03 IST" name="setup" finished-at="2024-03-19T21:59:03 IST" duration-ms="9" status="PASS">
          <reporter-output>
          </reporter-output>
        </test-method> <!-- setup -->
        <test-method signature="getAPITest()[pri:0, instance:com.qa.test.GetAPITest@6c6cb480]" started-at="2024-03-19T21:59:03 IST" name="getAPITest" finished-at="2024-03-19T21:59:04 IST" duration-ms="739" status="PASS">
          <reporter-output>
          </reporter-output>
        </test-method> <!-- getAPITest -->
      </class> <!-- com.qa.test.GetAPITest -->
    </test> <!-- Surefire test -->
  </suite> <!-- Surefire suite -->
</testng-results>
