<?xml version="1.0" encoding="UTF-8"?>
<testng-results ignored="0" total="4" passed="4" failed="0" skipped="0">
  <reporter-output>
  </reporter-output>
  <suite started-at="2024-03-18T08:33:36 IST" name="Default suite" finished-at="2024-03-18T08:33:40 IST" duration-ms="3648">
    <groups>
    </groups>
    <test started-at="2024-03-18T08:33:36 IST" name="Default test" finished-at="2024-03-18T08:33:40 IST" duration-ms="3648">
      <class name="apiTesting.HttpRequests">
        <test-method signature="getUsers()[pri:1, instance:apiTesting.HttpRequests@76f2bbc1]" started-at="2024-03-18T08:33:36 IST" name="getUsers" finished-at="2024-03-18T08:33:39 IST" duration-ms="2111" status="PASS">
          <reporter-output>
          </reporter-output>
        </test-method> <!-- getUsers -->
        <test-method signature="createUser()[pri:2, instance:apiTesting.HttpRequests@76f2bbc1]" started-at="2024-03-18T08:33:39 IST" name="createUser" finished-at="2024-03-18T08:33:39 IST" duration-ms="517" status="PASS">
          <reporter-output>
          </reporter-output>
        </test-method> <!-- createUser -->
        <test-method signature="updateUser()[pri:3, instance:apiTesting.HttpRequests@76f2bbc1]" started-at="2024-03-18T08:33:39 IST" name="updateUser" finished-at="2024-03-18T08:33:40 IST" depends-on-methods="apiTesting.HttpRequests.createUser" duration-ms="484" status="PASS">
          <reporter-output>
          </reporter-output>
        </test-method> <!-- updateUser -->
        <test-method signature="deleteUser()[pri:4, instance:apiTesting.HttpRequests@76f2bbc1]" started-at="2024-03-18T08:33:40 IST" name="deleteUser" finished-at="2024-03-18T08:33:40 IST" duration-ms="493" status="PASS">
          <reporter-output>
          </reporter-output>
        </test-method> <!-- deleteUser -->
      </class> <!-- apiTesting.HttpRequests -->
    </test> <!-- Default test -->
  </suite> <!-- Default suite -->
</testng-results>
