<?xml version="1.0" encoding="UTF-8"?>
<testng-results ignored="0" total="2" passed="2" failed="0" skipped="0">
  <reporter-output>
  </reporter-output>
  <suite started-at="2024-03-20T08:54:50 IST" name="Default suite" finished-at="2024-03-20T08:54:52 IST" duration-ms="1746">
    <groups>
    </groups>
    <test started-at="2024-03-20T08:54:50 IST" name="Default test" finished-at="2024-03-20T08:54:52 IST" duration-ms="1746">
      <class name="apiTesting.HeadersInfo">
        <test-method signature="getHeadersInfo()[pri:0, instance:apiTesting.HeadersInfo@8317c52]" started-at="2024-03-20T08:54:50 IST" name="getHeadersInfo" finished-at="2024-03-20T08:54:51 IST" duration-ms="1440" status="PASS">
          <reporter-output>
          </reporter-output>
        </test-method> <!-- getHeadersInfo -->
        <test-method signature="getHeadersInfobylog()[pri:0, instance:apiTesting.HeadersInfo@8317c52]" started-at="2024-03-20T08:54:51 IST" name="getHeadersInfobylog" finished-at="2024-03-20T08:54:52 IST" duration-ms="278" status="PASS">
          <reporter-output>
          </reporter-output>
        </test-method> <!-- getHeadersInfobylog -->
      </class> <!-- apiTesting.HeadersInfo -->
    </test> <!-- Default test -->
  </suite> <!-- Default suite -->
</testng-results>
